#
# A fatal error has been detected by the Java Runtime Environment:
#
#  SIGSEGV (0xb) at pc=0x00007fe1aef0adc5, pid=749, tid=750
#
# JRE version: OpenJDK Runtime Environment (10.0.1+10) (build 10.0.1+10-Ubuntu-3ubuntu1)
# Java VM: OpenJDK 64-Bit Server VM (10.0.1+10-Ubuntu-3ubuntu1, mixed mode, tiered, compressed oops, g1 gc, linux-amd64)
# Problematic frame:
# V  [libjvm.so+0x85adc5]
#
# Core dump will be written. Default location: core.749 (may not exist)
#
# If you would like to submit a bug report, please visit:
#   http://bugreport.java.com/bugreport/crash.jsp
#

---------------  S U M M A R Y ------------

Command Line: -Djava.library.path=./../lib/ Main

Host: Intel(R) Core(TM) i5-8250U CPU @ 1.60GHz, 8 cores, 7G, Ubuntu 18.04 LTS
Time: Mon Jul 30 20:14:33 2018 DST elapsed time: 0 seconds (0d 0h 0m 0s)

---------------  T H R E A D  ---------------

Current thread (0x00007fe1a8011000):  JavaThread "main" [_thread_in_vm, id=750, stack(0x00007fe1b0720000,0x00007fe1b0821000)]

Stack: [0x00007fe1b0720000,0x00007fe1b0821000],  sp=0x00007fe1b081f660,  free space=1021k
Native frames: (J=compiled Java code, A=aot compiled Java code, j=interpreted, Vv=VM code, C=native code)
V  [libjvm.so+0x85adc5]
C  [libnative.so+0xa8f]  Java_Main_Handler+0x405
j  Main.Handler()V+0
j  Main.main([Ljava/lang/String;)V+27
v  ~StubRoutines::call_stub
V  [libjvm.so+0x83d38f]
V  [libjvm.so+0x85c3cd]
V  [libjvm.so+0x85e60e]
C  [libjli.so+0x4aa0]
C  [libjli.so+0x89dd]
C  [libpthread.so.0+0x76db]  start_thread+0xdb

Java frames: (J=compiled Java code, j=interpreted, Vv=VM code)
j  Main.Handler()V+0
j  Main.main([Ljava/lang/String;)V+27
v  ~StubRoutines::call_stub

siginfo: si_signo: 11 (SIGSEGV), si_code: 1 (SEGV_MAPERR), si_addr: 0x0000000000000000

Register to memory mapping:

RAX=0x00007fe1b081f700 is pointing into the stack for thread: 0x00007fe1a8011000
RBX=0x00007fe1a8011000 is a thread
RCX=0x00007fe1a813c4f8 is an unknown value
RDX=0x00007fe1a8011ea8 is an unknown value
RSP=0x00007fe1b081f660 is pointing into the stack for thread: 0x00007fe1a8011000
RBP=0x00007fe1b081f7e0 is pointing into the stack for thread: 0x00007fe1a8011000
RSI=0x00007fe1a8011000 is a thread
RDI=0x00007fe1b081f6c0 is pointing into the stack for thread: 0x00007fe1a8011000
R8 =0x00007fe1aef0acd0: <offset 0x000000000085acd0> in /usr/lib/jvm/java-11-openjdk-amd64/lib/server/libjvm.so at 0x00007fe1ae6b0000
R9 =0x0000000000000021 is an unknown value
R10=0x00007fe1af984880: <offset 0x00000000012d4880> in /usr/lib/jvm/java-11-openjdk-amd64/lib/server/libjvm.so at 0x00007fe1ae6b0000
R11=0x00007fe1b019f4c0: <offset 0x00000000001af4c0> in /lib/x86_64-linux-gnu/libc.so.6 at 0x00007fe1afff0000
R12=0x00007fe1b081f6c0 is pointing into the stack for thread: 0x00007fe1a8011000
R13=0x00007fe1a8011200 is an unknown value
R14=0x0000000000000000 is an unknown value
R15=0x00007fe1b081f980 is pointing into the stack for thread: 0x00007fe1a8011000


Registers:
RAX=0x00007fe1b081f700, RBX=0x00007fe1a8011000, RCX=0x00007fe1a813c4f8, RDX=0x00007fe1a8011ea8
RSP=0x00007fe1b081f660, RBP=0x00007fe1b081f7e0, RSI=0x00007fe1a8011000, RDI=0x00007fe1b081f6c0
R8 =0x00007fe1aef0acd0, R9 =0x0000000000000021, R10=0x00007fe1af984880, R11=0x00007fe1b019f4c0
R12=0x00007fe1b081f6c0, R13=0x00007fe1a8011200, R14=0x0000000000000000, R15=0x00007fe1b081f980
RIP=0x00007fe1aef0adc5, EFLAGS=0x0000000000010206, CSGSFS=0x00000053002b0033, ERR=0x0000000000000000
  TRAPNO=0x0000000000000000

Top of Stack: (sp=0x00007fe1b081f660)
0x00007fe1b081f660:   00007fe159360c6c 00007fe1a8011000
0x00007fe1b081f670:   000000000000000e 00007fe1af392018
0x00007fe1b081f680:   000000066c051370 0000003000000018
0x00007fe1b081f690:   00007fe1b081f7f0 00007fe1b081f700 

Instructions: (pc=0x00007fe1aef0adc5)
0x00007fe1aef0ada5:   00 4c 8d a5 e0 fe ff ff 48 89 85 b0 fe ff ff 48
0x00007fe1aef0adb5:   8d 85 20 ff ff ff 4c 89 e7 48 89 85 b8 fe ff ff
0x00007fe1aef0adc5:   49 8b 06 48 8b 40 08 0f b7 50 2c 48 8b 40 08 48
0x00007fe1aef0add5:   8b 74 d0 40 e8 c2 70 3c 00 48 8d 05 0b f6 94 00 


---------------  P R O C E S S  ---------------

Threads class SMR info:
_java_thread_list=0x00007fe1a8249370, length=11, elements={
0x00007fe1a8011000, 0x00007fe1a8145000, 0x00007fe1a8147000, 0x00007fe1a815b800,
0x00007fe1a815d800, 0x00007fe1a815f800, 0x00007fe1a8161800, 0x00007fe1a8163800,
0x00007fe1a8165800, 0x00007fe1a8241800, 0x00007fe1a824f800
}

Java Threads: ( => current thread )
=>0x00007fe1a8011000 JavaThread "main" [_thread_in_vm, id=750, stack(0x00007fe1b0720000,0x00007fe1b0821000)]
  0x00007fe1a8145000 JavaThread "Reference Handler" daemon [_thread_blocked, id=772, stack(0x00007fe15a790000,0x00007fe15a891000)]
  0x00007fe1a8147000 JavaThread "Finalizer" daemon [_thread_blocked, id=773, stack(0x00007fe15a680000,0x00007fe15a781000)]
  0x00007fe1a815b800 JavaThread "Signal Dispatcher" daemon [_thread_blocked, id=774, stack(0x00007fe15a270000,0x00007fe15a371000)]
  0x00007fe1a815d800 JavaThread "C2 CompilerThread0" daemon [_thread_blocked, id=775, stack(0x00007fe15a160000,0x00007fe15a261000)]
  0x00007fe1a815f800 JavaThread "C2 CompilerThread1" daemon [_thread_blocked, id=776, stack(0x00007fe15a050000,0x00007fe15a151000)]
  0x00007fe1a8161800 JavaThread "C2 CompilerThread2" daemon [_thread_blocked, id=777, stack(0x00007fe159f40000,0x00007fe15a041000)]
  0x00007fe1a8163800 JavaThread "C1 CompilerThread3" daemon [_thread_blocked, id=778, stack(0x00007fe159e30000,0x00007fe159f31000)]
  0x00007fe1a8165800 JavaThread "Sweeper thread" daemon [_thread_blocked, id=779, stack(0x00007fe159d20000,0x00007fe159e21000)]
  0x00007fe1a8241800 JavaThread "Service Thread" daemon [_thread_blocked, id=780, stack(0x00007fe159c10000,0x00007fe159d11000)]
  0x00007fe1a824f800 JavaThread "Common-Cleaner" daemon [_thread_blocked, id=782, stack(0x00007fe1599f0000,0x00007fe159af1000)]

Other Threads:
  0x00007fe1a813b000 VMThread "VM Thread" [stack: 0x00007fe15a8a2000,0x00007fe15a9a2000] [id=771]
  0x00007fe1a8243800 WatcherThread [stack: 0x00007fe159b02000,0x00007fe159c02000] [id=781]
  0x00007fe1a8028000 GCTaskThread "GC Thread#0" [stack: 0x00007fe1ac7a2000,0x00007fe1ac8a2000] [id=751]
  0x00007fe1a8029800 GCTaskThread "GC Thread#1" [stack: 0x00007fe1ac692000,0x00007fe1ac792000] [id=752]
  0x00007fe1a802b000 GCTaskThread "GC Thread#2" [stack: 0x00007fe1ac582000,0x00007fe1ac682000] [id=753]
  0x00007fe1a802d000 GCTaskThread "GC Thread#3" [stack: 0x00007fe1ac472000,0x00007fe1ac572000] [id=754]
  0x00007fe1a802e800 GCTaskThread "GC Thread#4" [stack: 0x00007fe1ac362000,0x00007fe1ac462000] [id=755]
  0x00007fe1a8030800 GCTaskThread "GC Thread#5" [stack: 0x00007fe1ac252000,0x00007fe1ac352000] [id=756]
  0x00007fe1a8032000 GCTaskThread "GC Thread#6" [stack: 0x00007fe1ac142000,0x00007fe1ac242000] [id=757]
  0x00007fe1a8033800 GCTaskThread "GC Thread#7" [stack: 0x00007fe1ac032000,0x00007fe1ac132000] [id=758]
  0x00007fe1a805e000 ConcurrentGCThread "G1 Main Marker" [stack: 0x00007fe18c672000,0x00007fe18c772000] [id=759]
  0x00007fe1a805f800 ConcurrentGCThread "G1 Conc#0" [stack: 0x00007fe18c562000,0x00007fe18c662000] [id=760]
  0x00007fe1a8061800 ConcurrentGCThread "G1 Conc#1" [stack: 0x00007fe18c452000,0x00007fe18c552000] [id=761]
  0x00007fe1a80cc000 ConcurrentGCThread "G1 Refine#0" [stack: 0x00007fe15bab2000,0x00007fe15bbb2000] [id=762]
  0x00007fe1a80cd800 ConcurrentGCThread "G1 Refine#1" [stack: 0x00007fe15b9a2000,0x00007fe15baa2000] [id=763]
  0x00007fe1a80cf800 ConcurrentGCThread "G1 Refine#2" [stack: 0x00007fe15b892000,0x00007fe15b992000] [id=764]
  0x00007fe1a80d1000 ConcurrentGCThread "G1 Refine#3" [stack: 0x00007fe15b782000,0x00007fe15b882000] [id=765]
  0x00007fe1a80d3000 ConcurrentGCThread "G1 Refine#4" [stack: 0x00007fe15b672000,0x00007fe15b772000] [id=766]
  0x00007fe1a80d4800 ConcurrentGCThread "G1 Refine#5" [stack: 0x00007fe15b562000,0x00007fe15b662000] [id=767]
  0x00007fe1a80d6800 ConcurrentGCThread "G1 Refine#6" [stack: 0x00007fe15b452000,0x00007fe15b552000] [id=768]
  0x00007fe1a80d8000 ConcurrentGCThread "G1 Refine#7" [stack: 0x00007fe15b342000,0x00007fe15b442000] [id=769]
  0x00007fe1a80da000 ConcurrentGCThread "G1 Young RemSet Sampling" [stack: 0x00007fe15b232000,0x00007fe15b332000] [id=770]

Threads with active compile tasks:

VM state:not at safepoint (normal execution)

VM Mutex/Monitor currently owned by a thread: None

Heap address: 0x0000000082e00000, size: 2002 MB, Compressed Oops mode: 32-bit
Narrow klass base: 0x0000000000000000, Narrow klass shift: 3
Compressed class space size: 1073741824 Address: 0x0000000100000000

Heap:
 garbage-first heap   total 129024K, used 1024K [0x0000000082e00000, 0x0000000100000000)
  region size 1024K, 2 young (2048K), 0 survivors (0K)
 Metaspace       used 3747K, capacity 4486K, committed 4864K, reserved 1056768K
  class space    used 319K, capacity 386K, committed 512K, reserved 1048576K
Heap Regions: E=young(eden), S=young(survivor), O=old, HS=humongous(starts), HC=humongous(continues), CS=collection set, F=free, A=archive, TS=gc time stamp, AC=allocation context, TAMS=top-at-mark-start (previous, next)
|   0|0x0000000082e00000, 0x0000000082e00000, 0x0000000082f00000|  0%| F|  |TS  0|AC  0|TAMS 0x0000000082e00000, 0x0000000082e00000|
|   1|0x0000000082f00000, 0x0000000082f00000, 0x0000000083000000|  0%| F|  |TS  0|AC  0|TAMS 0x0000000082f00000, 0x0000000082f00000|
|   2|0x0000000083000000, 0x0000000083000000, 0x0000000083100000|  0%| F|  |TS  0|AC  0|TAMS 0x0000000083000000, 0x0000000083000000|
|   3|0x0000000083100000, 0x0000000083100000, 0x0000000083200000|  0%| F|  |TS  0|AC  0|TAMS 0x0000000083100000, 0x0000000083100000|
|   4|0x0000000083200000, 0x0000000083200000, 0x0000000083300000|  0%| F|  |TS  0|AC  0|TAMS 0x0000000083200000, 0x0000000083200000|
|   5|0x0000000083300000, 0x0000000083300000, 0x0000000083400000|  0%| F|  |TS  0|AC  0|TAMS 0x0000000083300000, 0x0000000083300000|
|   6|0x0000000083400000, 0x0000000083400000, 0x0000000083500000|  0%| F|  |TS  0|AC  0|TAMS 0x0000000083400000, 0x0000000083400000|
|   7|0x0000000083500000, 0x0000000083500000, 0x0000000083600000|  0%| F|  |TS  0|AC  0|TAMS 0x0000000083500000, 0x0000000083500000|
|   8|0x0000000083600000, 0x0000000083600000, 0x0000000083700000|  0%| F|  |TS  0|AC  0|TAMS 0x0000000083600000, 0x0000000083600000|
|   9|0x0000000083700000, 0x0000000083700000, 0x0000000083800000|  0%| F|  |TS  0|AC  0|TAMS 0x0000000083700000, 0x0000000083700000|
|  10|0x0000000083800000, 0x0000000083800000, 0x0000000083900000|  0%| F|  |TS  0|AC  0|TAMS 0x0000000083800000, 0x0000000083800000|
|  11|0x0000000083900000, 0x0000000083900000, 0x0000000083a00000|  0%| F|  |TS  0|AC  0|TAMS 0x0000000083900000, 0x0000000083900000|
|  12|0x0000000083a00000, 0x0000000083a00000, 0x0000000083b00000|  0%| F|  |TS  0|AC  0|TAMS 0x0000000083a00000, 0x0000000083a00000|
|  13|0x0000000083b00000, 0x0000000083b00000, 0x0000000083c00000|  0%| F|  |TS  0|AC  0|TAMS 0x0000000083b00000, 0x0000000083b00000|
|  14|0x0000000083c00000, 0x0000000083c00000, 0x0000000083d00000|  0%| F|  |TS  0|AC  0|TAMS 0x0000000083c00000, 0x0000000083c00000|
|  15|0x0000000083d00000, 0x0000000083d00000, 0x0000000083e00000|  0%| F|  |TS  0|AC  0|TAMS 0x0000000083d00000, 0x0000000083d00000|
|  16|0x0000000083e00000, 0x0000000083e00000, 0x0000000083f00000|  0%| F|  |TS  0|AC  0|TAMS 0x0000000083e00000, 0x0000000083e00000|
|  17|0x0000000083f00000, 0x0000000083f00000, 0x0000000084000000|  0%| F|  |TS  0|AC  0|TAMS 0x0000000083f00000, 0x0000000083f00000|
|  18|0x0000000084000000, 0x0000000084000000, 0x0000000084100000|  0%| F|  |TS  0|AC  0|TAMS 0x0000000084000000, 0x0000000084000000|
|  19|0x0000000084100000, 0x0000000084100000, 0x0000000084200000|  0%| F|  |TS  0|AC  0|TAMS 0x0000000084100000, 0x0000000084100000|
|  20|0x0000000084200000, 0x0000000084200000, 0x0000000084300000|  0%| F|  |TS  0|AC  0|TAMS 0x0000000084200000, 0x0000000084200000|
|  21|0x0000000084300000, 0x0000000084300000, 0x0000000084400000|  0%| F|  |TS  0|AC  0|TAMS 0x0000000084300000, 0x0000000084300000|
|  22|0x0000000084400000, 0x0000000084400000, 0x0000000084500000|  0%| F|  |TS  0|AC  0|TAMS 0x0000000084400000, 0x0000000084400000|
|  23|0x0000000084500000, 0x0000000084500000, 0x0000000084600000|  0%| F|  |TS  0|AC  0|TAMS 0x0000000084500000, 0x0000000084500000|
|  24|0x0000000084600000, 0x0000000084600000, 0x0000000084700000|  0%| F|  |TS  0|AC  0|TAMS 0x0000000084600000, 0x0000000084600000|
|  25|0x0000000084700000, 0x0000000084700000, 0x0000000084800000|  0%| F|  |TS  0|AC  0|TAMS 0x0000000084700000, 0x0000000084700000|
|  26|0x0000000084800000, 0x0000000084800000, 0x0000000084900000|  0%| F|  |TS  0|AC  0|TAMS 0x0000000084800000, 0x0000000084800000|
|  27|0x0000000084900000, 0x0000000084900000, 0x0000000084a00000|  0%| F|  |TS  0|AC  0|TAMS 0x0000000084900000, 0x0000000084900000|
|  28|0x0000000084a00000, 0x0000000084a00000, 0x0000000084b00000|  0%| F|  |TS  0|AC  0|TAMS 0x0000000084a00000, 0x0000000084a00000|
|  29|0x0000000084b00000, 0x0000000084b00000, 0x0000000084c00000|  0%| F|  |TS  0|AC  0|TAMS 0x0000000084b00000, 0x0000000084b00000|
|  30|0x0000000084c00000, 0x0000000084c00000, 0x0000000084d00000|  0%| F|  |TS  0|AC  0|TAMS 0x0000000084c00000, 0x0000000084c00000|
|  31|0x0000000084d00000, 0x0000000084d00000, 0x0000000084e00000|  0%| F|  |TS  0|AC  0|TAMS 0x0000000084d00000, 0x0000000084d00000|
|  32|0x0000000084e00000, 0x0000000084e00000, 0x0000000084f00000|  0%| F|  |TS  0|AC  0|TAMS 0x0000000084e00000, 0x0000000084e00000|
|  33|0x0000000084f00000, 0x0000000084f00000, 0x0000000085000000|  0%| F|  |TS  0|AC  0|TAMS 0x0000000084f00000, 0x0000000084f00000|
|  34|0x0000000085000000, 0x0000000085000000, 0x0000000085100000|  0%| F|  |TS  0|AC  0|TAMS 0x0000000085000000, 0x0000000085000000|
|  35|0x0000000085100000, 0x0000000085100000, 0x0000000085200000|  0%| F|  |TS  0|AC  0|TAMS 0x0000000085100000, 0x0000000085100000|
|  36|0x0000000085200000, 0x0000000085200000, 0x0000000085300000|  0%| F|  |TS  0|AC  0|TAMS 0x0000000085200000, 0x0000000085200000|
|  37|0x0000000085300000, 0x0000000085300000, 0x0000000085400000|  0%| F|  |TS  0|AC  0|TAMS 0x0000000085300000, 0x0000000085300000|
|  38|0x0000000085400000, 0x0000000085400000, 0x0000000085500000|  0%| F|  |TS  0|AC  0|TAMS 0x0000000085400000, 0x0000000085400000|
|  39|0x0000000085500000, 0x0000000085500000, 0x0000000085600000|  0%| F|  |TS  0|AC  0|TAMS 0x0000000085500000, 0x0000000085500000|
|  40|0x0000000085600000, 0x0000000085600000, 0x0000000085700000|  0%| F|  |TS  0|AC  0|TAMS 0x0000000085600000, 0x0000000085600000|
|  41|0x0000000085700000, 0x0000000085700000, 0x0000000085800000|  0%| F|  |TS  0|AC  0|TAMS 0x0000000085700000, 0x0000000085700000|
|  42|0x0000000085800000, 0x0000000085800000, 0x0000000085900000|  0%| F|  |TS  0|AC  0|TAMS 0x0000000085800000, 0x0000000085800000|
|  43|0x0000000085900000, 0x0000000085900000, 0x0000000085a00000|  0%| F|  |TS  0|AC  0|TAMS 0x0000000085900000, 0x0000000085900000|
|  44|0x0000000085a00000, 0x0000000085a00000, 0x0000000085b00000|  0%| F|  |TS  0|AC  0|TAMS 0x0000000085a00000, 0x0000000085a00000|
|  45|0x0000000085b00000, 0x0000000085b00000, 0x0000000085c00000|  0%| F|  |TS  0|AC  0|TAMS 0x0000000085b00000, 0x0000000085b00000|
|  46|0x0000000085c00000, 0x0000000085c00000, 0x0000000085d00000|  0%| F|  |TS  0|AC  0|TAMS 0x0000000085c00000, 0x0000000085c00000|
|  47|0x0000000085d00000, 0x0000000085d00000, 0x0000000085e00000|  0%| F|  |TS  0|AC  0|TAMS 0x0000000085d00000, 0x0000000085d00000|
|  48|0x0000000085e00000, 0x0000000085e00000, 0x0000000085f00000|  0%| F|  |TS  0|AC  0|TAMS 0x0000000085e00000, 0x0000000085e00000|
|  49|0x0000000085f00000, 0x0000000085f00000, 0x0000000086000000|  0%| F|  |TS  0|AC  0|TAMS 0x0000000085f00000, 0x0000000085f00000|
|  50|0x0000000086000000, 0x0000000086000000, 0x0000000086100000|  0%| F|  |TS  0|AC  0|TAMS 0x0000000086000000, 0x0000000086000000|
|  51|0x0000000086100000, 0x0000000086100000, 0x0000000086200000|  0%| F|  |TS  0|AC  0|TAMS 0x0000000086100000, 0x0000000086100000|
|  52|0x0000000086200000, 0x0000000086200000, 0x0000000086300000|  0%| F|  |TS  0|AC  0|TAMS 0x0000000086200000, 0x0000000086200000|
|  53|0x0000000086300000, 0x0000000086300000, 0x0000000086400000|  0%| F|  |TS  0|AC  0|TAMS 0x0000000086300000, 0x0000000086300000|
|  54|0x0000000086400000, 0x0000000086400000, 0x0000000086500000|  0%| F|  |TS  0|AC  0|TAMS 0x0000000086400000, 0x0000000086400000|
|  55|0x0000000086500000, 0x0000000086500000, 0x0000000086600000|  0%| F|  |TS  0|AC  0|TAMS 0x0000000086500000, 0x0000000086500000|
|  56|0x0000000086600000, 0x0000000086600000, 0x0000000086700000|  0%| F|  |TS  0|AC  0|TAMS 0x0000000086600000, 0x0000000086600000|
|  57|0x0000000086700000, 0x0000000086700000, 0x0000000086800000|  0%| F|  |TS  0|AC  0|TAMS 0x0000000086700000, 0x0000000086700000|
|  58|0x0000000086800000, 0x0000000086800000, 0x0000000086900000|  0%| F|  |TS  0|AC  0|TAMS 0x0000000086800000, 0x0000000086800000|
|  59|0x0000000086900000, 0x0000000086900000, 0x0000000086a00000|  0%| F|  |TS  0|AC  0|TAMS 0x0000000086900000, 0x0000000086900000|
|  60|0x0000000086a00000, 0x0000000086a00000, 0x0000000086b00000|  0%| F|  |TS  0|AC  0|TAMS 0x0000000086a00000, 0x0000000086a00000|
|  61|0x0000000086b00000, 0x0000000086b00000, 0x0000000086c00000|  0%| F|  |TS  0|AC  0|TAMS 0x0000000086b00000, 0x0000000086b00000|
|  62|0x0000000086c00000, 0x0000000086c00000, 0x0000000086d00000|  0%| F|  |TS  0|AC  0|TAMS 0x0000000086c00000, 0x0000000086c00000|
|  63|0x0000000086d00000, 0x0000000086d00000, 0x0000000086e00000|  0%| F|  |TS  0|AC  0|TAMS 0x0000000086d00000, 0x0000000086d00000|
|  64|0x0000000086e00000, 0x0000000086e00000, 0x0000000086f00000|  0%| F|  |TS  0|AC  0|TAMS 0x0000000086e00000, 0x0000000086e00000|
|  65|0x0000000086f00000, 0x0000000086f00000, 0x0000000087000000|  0%| F|  |TS  0|AC  0|TAMS 0x0000000086f00000, 0x0000000086f00000|
|  66|0x0000000087000000, 0x0000000087000000, 0x0000000087100000|  0%| F|  |TS  0|AC  0|TAMS 0x0000000087000000, 0x0000000087000000|
|  67|0x0000000087100000, 0x0000000087100000, 0x0000000087200000|  0%| F|  |TS  0|AC  0|TAMS 0x0000000087100000, 0x0000000087100000|
|  68|0x0000000087200000, 0x0000000087200000, 0x0000000087300000|  0%| F|  |TS  0|AC  0|TAMS 0x0000000087200000, 0x0000000087200000|
|  69|0x0000000087300000, 0x0000000087300000, 0x0000000087400000|  0%| F|  |TS  0|AC  0|TAMS 0x0000000087300000, 0x0000000087300000|
|  70|0x0000000087400000, 0x0000000087400000, 0x0000000087500000|  0%| F|  |TS  0|AC  0|TAMS 0x0000000087400000, 0x0000000087400000|
|  71|0x0000000087500000, 0x0000000087500000, 0x0000000087600000|  0%| F|  |TS  0|AC  0|TAMS 0x0000000087500000, 0x0000000087500000|
|  72|0x0000000087600000, 0x0000000087600000, 0x0000000087700000|  0%| F|  |TS  0|AC  0|TAMS 0x0000000087600000, 0x0000000087600000|
|  73|0x0000000087700000, 0x0000000087700000, 0x0000000087800000|  0%| F|  |TS  0|AC  0|TAMS 0x0000000087700000, 0x0000000087700000|
|  74|0x0000000087800000, 0x0000000087800000, 0x0000000087900000|  0%| F|  |TS  0|AC  0|TAMS 0x0000000087800000, 0x0000000087800000|
|  75|0x0000000087900000, 0x0000000087900000, 0x0000000087a00000|  0%| F|  |TS  0|AC  0|TAMS 0x0000000087900000, 0x0000000087900000|
|  76|0x0000000087a00000, 0x0000000087a00000, 0x0000000087b00000|  0%| F|  |TS  0|AC  0|TAMS 0x0000000087a00000, 0x0000000087a00000|
|  77|0x0000000087b00000, 0x0000000087b00000, 0x0000000087c00000|  0%| F|  |TS  0|AC  0|TAMS 0x0000000087b00000, 0x0000000087b00000|
|  78|0x0000000087c00000, 0x0000000087c00000, 0x0000000087d00000|  0%| F|  |TS  0|AC  0|TAMS 0x0000000087c00000, 0x0000000087c00000|
|  79|0x0000000087d00000, 0x0000000087d00000, 0x0000000087e00000|  0%| F|  |TS  0|AC  0|TAMS 0x0000000087d00000, 0x0000000087d00000|
|  80|0x0000000087e00000, 0x0000000087e00000, 0x0000000087f00000|  0%| F|  |TS  0|AC  0|TAMS 0x0000000087e00000, 0x0000000087e00000|
|  81|0x0000000087f00000, 0x0000000087f00000, 0x0000000088000000|  0%| F|  |TS  0|AC  0|TAMS 0x0000000087f00000, 0x0000000087f00000|
|  82|0x0000000088000000, 0x0000000088000000, 0x0000000088100000|  0%| F|  |TS  0|AC  0|TAMS 0x0000000088000000, 0x0000000088000000|
|  83|0x0000000088100000, 0x0000000088100000, 0x0000000088200000|  0%| F|  |TS  0|AC  0|TAMS 0x0000000088100000, 0x0000000088100000|
|  84|0x0000000088200000, 0x0000000088200000, 0x0000000088300000|  0%| F|  |TS  0|AC  0|TAMS 0x0000000088200000, 0x0000000088200000|
|  85|0x0000000088300000, 0x0000000088300000, 0x0000000088400000|  0%| F|  |TS  0|AC  0|TAMS 0x0000000088300000, 0x0000000088300000|
|  86|0x0000000088400000, 0x0000000088400000, 0x0000000088500000|  0%| F|  |TS  0|AC  0|TAMS 0x0000000088400000, 0x0000000088400000|
|  87|0x0000000088500000, 0x0000000088500000, 0x0000000088600000|  0%| F|  |TS  0|AC  0|TAMS 0x0000000088500000, 0x0000000088500000|
|  88|0x0000000088600000, 0x0000000088600000, 0x0000000088700000|  0%| F|  |TS  0|AC  0|TAMS 0x0000000088600000, 0x0000000088600000|
|  89|0x0000000088700000, 0x0000000088700000, 0x0000000088800000|  0%| F|  |TS  0|AC  0|TAMS 0x0000000088700000, 0x0000000088700000|
|  90|0x0000000088800000, 0x0000000088800000, 0x0000000088900000|  0%| F|  |TS  0|AC  0|TAMS 0x0000000088800000, 0x0000000088800000|
|  91|0x0000000088900000, 0x0000000088900000, 0x0000000088a00000|  0%| F|  |TS  0|AC  0|TAMS 0x0000000088900000, 0x0000000088900000|
|  92|0x0000000088a00000, 0x0000000088a00000, 0x0000000088b00000|  0%| F|  |TS  0|AC  0|TAMS 0x0000000088a00000, 0x0000000088a00000|
|  93|0x0000000088b00000, 0x0000000088b00000, 0x0000000088c00000|  0%| F|  |TS  0|AC  0|TAMS 0x0000000088b00000, 0x0000000088b00000|
|  94|0x0000000088c00000, 0x0000000088c00000, 0x0000000088d00000|  0%| F|  |TS  0|AC  0|TAMS 0x0000000088c00000, 0x0000000088c00000|
|  95|0x0000000088d00000, 0x0000000088d00000, 0x0000000088e00000|  0%| F|  |TS  0|AC  0|TAMS 0x0000000088d00000, 0x0000000088d00000|
|  96|0x0000000088e00000, 0x0000000088e00000, 0x0000000088f00000|  0%| F|  |TS  0|AC  0|TAMS 0x0000000088e00000, 0x0000000088e00000|
|  97|0x0000000088f00000, 0x0000000088f00000, 0x0000000089000000|  0%| F|  |TS  0|AC  0|TAMS 0x0000000088f00000, 0x0000000088f00000|
|  98|0x0000000089000000, 0x0000000089000000, 0x0000000089100000|  0%| F|  |TS  0|AC  0|TAMS 0x0000000089000000, 0x0000000089000000|
|  99|0x0000000089100000, 0x0000000089100000, 0x0000000089200000|  0%| F|  |TS  0|AC  0|TAMS 0x0000000089100000, 0x0000000089100000|
| 100|0x0000000089200000, 0x0000000089200000, 0x0000000089300000|  0%| F|  |TS  0|AC  0|TAMS 0x0000000089200000, 0x0000000089200000|
| 101|0x0000000089300000, 0x0000000089300000, 0x0000000089400000|  0%| F|  |TS  0|AC  0|TAMS 0x0000000089300000, 0x0000000089300000|
| 102|0x0000000089400000, 0x0000000089400000, 0x0000000089500000|  0%| F|  |TS  0|AC  0|TAMS 0x0000000089400000, 0x0000000089400000|
| 103|0x0000000089500000, 0x0000000089500000, 0x0000000089600000|  0%| F|  |TS  0|AC  0|TAMS 0x0000000089500000, 0x0000000089500000|
| 104|0x0000000089600000, 0x0000000089600000, 0x0000000089700000|  0%| F|  |TS  0|AC  0|TAMS 0x0000000089600000, 0x0000000089600000|
| 105|0x0000000089700000, 0x0000000089700000, 0x0000000089800000|  0%| F|  |TS  0|AC  0|TAMS 0x0000000089700000, 0x0000000089700000|
| 106|0x0000000089800000, 0x0000000089800000, 0x0000000089900000|  0%| F|  |TS  0|AC  0|TAMS 0x0000000089800000, 0x0000000089800000|
| 107|0x0000000089900000, 0x0000000089900000, 0x0000000089a00000|  0%| F|  |TS  0|AC  0|TAMS 0x0000000089900000, 0x0000000089900000|
| 108|0x0000000089a00000, 0x0000000089a00000, 0x0000000089b00000|  0%| F|  |TS  0|AC  0|TAMS 0x0000000089a00000, 0x0000000089a00000|
| 109|0x0000000089b00000, 0x0000000089b00000, 0x0000000089c00000|  0%| F|  |TS  0|AC  0|TAMS 0x0000000089b00000, 0x0000000089b00000|
| 110|0x0000000089c00000, 0x0000000089c00000, 0x0000000089d00000|  0%| F|  |TS  0|AC  0|TAMS 0x0000000089c00000, 0x0000000089c00000|
| 111|0x0000000089d00000, 0x0000000089d00000, 0x0000000089e00000|  0%| F|  |TS  0|AC  0|TAMS 0x0000000089d00000, 0x0000000089d00000|
| 112|0x0000000089e00000, 0x0000000089e00000, 0x0000000089f00000|  0%| F|  |TS  0|AC  0|TAMS 0x0000000089e00000, 0x0000000089e00000|
| 113|0x0000000089f00000, 0x0000000089f00000, 0x000000008a000000|  0%| F|  |TS  0|AC  0|TAMS 0x0000000089f00000, 0x0000000089f00000|
| 114|0x000000008a000000, 0x000000008a000000, 0x000000008a100000|  0%| F|  |TS  0|AC  0|TAMS 0x000000008a000000, 0x000000008a000000|
| 115|0x000000008a100000, 0x000000008a100000, 0x000000008a200000|  0%| F|  |TS  0|AC  0|TAMS 0x000000008a100000, 0x000000008a100000|
| 116|0x000000008a200000, 0x000000008a200000, 0x000000008a300000|  0%| F|  |TS  0|AC  0|TAMS 0x000000008a200000, 0x000000008a200000|
| 117|0x000000008a300000, 0x000000008a300000, 0x000000008a400000|  0%| F|  |TS  0|AC  0|TAMS 0x000000008a300000, 0x000000008a300000|
| 118|0x000000008a400000, 0x000000008a400000, 0x000000008a500000|  0%| F|  |TS  0|AC  0|TAMS 0x000000008a400000, 0x000000008a400000|
| 119|0x000000008a500000, 0x000000008a500000, 0x000000008a600000|  0%| F|  |TS  0|AC  0|TAMS 0x000000008a500000, 0x000000008a500000|
| 120|0x000000008a600000, 0x000000008a600000, 0x000000008a700000|  0%| F|  |TS  0|AC  0|TAMS 0x000000008a600000, 0x000000008a600000|
| 121|0x000000008a700000, 0x000000008a700000, 0x000000008a800000|  0%| F|  |TS  0|AC  0|TAMS 0x000000008a700000, 0x000000008a700000|
| 122|0x000000008a800000, 0x000000008a800000, 0x000000008a900000|  0%| F|  |TS  0|AC  0|TAMS 0x000000008a800000, 0x000000008a800000|
| 123|0x000000008a900000, 0x000000008a900000, 0x000000008aa00000|  0%| F|  |TS  0|AC  0|TAMS 0x000000008a900000, 0x000000008a900000|
| 124|0x000000008aa00000, 0x000000008aa7b628, 0x000000008ab00000| 48%| E|  |TS  0|AC  0|TAMS 0x000000008aa00000, 0x000000008aa00000|
| 125|0x000000008ab00000, 0x000000008ac00000, 0x000000008ac00000|100%| E|CS|TS  0|AC  0|TAMS 0x000000008ab00000, 0x000000008ab00000|

Card table byte_map: [0x00007fe18eac0000,0x00007fe18eea9000] byte_map_base: 0x00007fe18e6a9000

Marking Bits (Prev, Next): (CMBitMap*) 0x00007fe1a805d060, (CMBitMap*) 0x00007fe1a805d098
 Prev Bits: [0x00007fe18c780000, 0x00007fe18e6c8000)
 Next Bits: [0x00007fe16e0b0000, 0x00007fe16fff8000)

Polling page: 0x00007fe1b0830000

CodeHeap 'non-profiled nmethods': size=120032Kb used=22Kb max_used=22Kb free=120009Kb
 bounds [0x00007fe1975e8000, 0x00007fe197858000, 0x00007fe19eb20000]
CodeHeap 'profiled nmethods': size=120028Kb used=104Kb max_used=104Kb free=119923Kb
 bounds [0x00007fe1900b1000, 0x00007fe190321000, 0x00007fe1975e8000]
CodeHeap 'non-nmethods': size=5700Kb used=981Kb max_used=984Kb free=4718Kb
 bounds [0x00007fe18fb20000, 0x00007fe18fd90000, 0x00007fe1900b1000]
 total_blobs=381 nmethods=82 adapters=156
 compilation: enabled

Compilation events (10 events):
Event: 0.219 Thread 0x00007fe1a8163800   79       3       java.lang.String::length (11 bytes)
Event: 0.220 Thread 0x00007fe1a8163800 nmethod 79 0x00007fe1900c9d10 code [0x00007fe1900c9ec0, 0x00007fe1900ca0b0]
Event: 0.228 Thread 0x00007fe1a8163800   80       3       java.lang.StringLatin1::canEncode (13 bytes)
Event: 0.228 Thread 0x00007fe1a8163800 nmethod 80 0x00007fe1900ca190 code [0x00007fe1900ca340, 0x00007fe1900ca4d0]
Event: 0.229 Thread 0x00007fe1a8163800   81       3       java.util.AbstractMap::<init> (5 bytes)
Event: 0.229 Thread 0x00007fe1a8163800 nmethod 81 0x00007fe1900ca590 code [0x00007fe1900ca740, 0x00007fe1900ca8f0]
Event: 0.230 Thread 0x00007fe1a8163800   82       3       java.lang.StringLatin1::indexOf (61 bytes)
Event: 0.230 Thread 0x00007fe1a8163800 nmethod 82 0x00007fe1900ca990 code [0x00007fe1900cab60, 0x00007fe1900caf50]
Event: 0.247 Thread 0x00007fe1a8163800   83       1       java.lang.Object::<init> (1 bytes)
Event: 0.247 Thread 0x00007fe1a8163800 nmethod 83 0x00007fe1975ed710 code [0x00007fe1975ed8c0, 0x00007fe1975ed9d0]

GC Heap History (0 events):
No events

Deoptimization events (1 events):
Event: 0.218 Thread 0x00007fe1a8011000 Uncommon trap: reason=unstable_if action=reinterpret pc=0x00007fe1975ed570 method=java.lang.String.hashCode()I @ 14 c2

Classes redefined (0 events):
No events

Internal exceptions (4 events):
Event: 0.260 Thread 0x00007fe1a8011000 Exception <a 'java/lang/NoSuchMethodError'{0x000000008aa28fc8}: Call> (0x000000008aa28fc8) thrown at [/build/openjdk-lts-tXWsoM/openjdk-lts-10.0.1+10/src/hotspot/share/prims/jni.cpp, line 1366]
Event: 0.260 Thread 0x00007fe1a8011000 Exception <a 'java/lang/NoSuchMethodError'{0x000000008aa292c8}: sum> (0x000000008aa292c8) thrown at [/build/openjdk-lts-tXWsoM/openjdk-lts-10.0.1+10/src/hotspot/share/prims/jni.cpp, line 1335]
Event: 0.260 Thread 0x00007fe1a8011000 Exception <a 'java/lang/NoSuchMethodError'{0x000000008aa295c8}: avg> (0x000000008aa295c8) thrown at [/build/openjdk-lts-tXWsoM/openjdk-lts-10.0.1+10/src/hotspot/share/prims/jni.cpp, line 1335]
Event: 0.260 Thread 0x00007fe1a8011000 Exception <a 'java/lang/NoSuchMethodError'{0x000000008aa298c8}: input> (0x000000008aa298c8) thrown at [/build/openjdk-lts-tXWsoM/openjdk-lts-10.0.1+10/src/hotspot/share/prims/jni.cpp, line 1366]

Events (10 events):
Event: 0.251 loading class java/lang/PublicMethods$Key
Event: 0.251 loading class java/lang/PublicMethods$Key done
Event: 0.251 loading class java/lang/Void
Event: 0.251 loading class java/lang/Void done
Event: 0.252 loading class java/lang/ClassLoaderHelper
Event: 0.252 loading class java/lang/ClassLoaderHelper done
Event: 0.260 loading class java/lang/NoSuchMethodError
Event: 0.260 loading class java/lang/IncompatibleClassChangeError
Event: 0.260 loading class java/lang/IncompatibleClassChangeError done
Event: 0.260 loading class java/lang/NoSuchMethodError done


Dynamic libraries:
82e00000-8ac00000 rw-p 00000000 00:00 0
8ac00000-100000000 ---p 00000000 00:00 0
100000000-100080000 rw-p 00000000 00:00 0
100080000-140000000 ---p 00000000 00:00 0
7fe104000000-7fe104021000 rw-p 00000000 00:00 0
7fe104021000-7fe108000000 ---p 00000000 00:00 0
7fe108000000-7fe108021000 rw-p 00000000 00:00 0
7fe108021000-7fe10c000000 ---p 00000000 00:00 0
7fe10c000000-7fe10c021000 rw-p 00000000 00:00 0
7fe10c021000-7fe110000000 ---p 00000000 00:00 0
7fe110000000-7fe110021000 rw-p 00000000 00:00 0
7fe110021000-7fe114000000 ---p 00000000 00:00 0
7fe114000000-7fe114053000 rw-p 00000000 00:00 0
7fe114053000-7fe118000000 ---p 00000000 00:00 0
7fe118000000-7fe11804e000 rw-p 00000000 00:00 0
7fe11804e000-7fe11c000000 ---p 00000000 00:00 0
7fe11c000000-7fe11c07e000 rw-p 00000000 00:00 0
7fe11c07e000-7fe120000000 ---p 00000000 00:00 0
7fe120000000-7fe120021000 rw-p 00000000 00:00 0
7fe120021000-7fe124000000 ---p 00000000 00:00 0
7fe124000000-7fe124021000 rw-p 00000000 00:00 0
7fe124021000-7fe128000000 ---p 00000000 00:00 0
7fe128000000-7fe128021000 rw-p 00000000 00:00 0
7fe128021000-7fe12c000000 ---p 00000000 00:00 0
7fe12c000000-7fe12c021000 rw-p 00000000 00:00 0
7fe12c021000-7fe130000000 ---p 00000000 00:00 0
7fe130000000-7fe130021000 rw-p 00000000 00:00 0
7fe130021000-7fe134000000 ---p 00000000 00:00 0
7fe134000000-7fe134021000 rw-p 00000000 00:00 0
7fe134021000-7fe138000000 ---p 00000000 00:00 0
7fe138000000-7fe138021000 rw-p 00000000 00:00 0
7fe138021000-7fe13c000000 ---p 00000000 00:00 0
7fe13c000000-7fe13c021000 rw-p 00000000 00:00 0
7fe13c021000-7fe140000000 ---p 00000000 00:00 0
7fe140000000-7fe140021000 rw-p 00000000 00:00 0
7fe140021000-7fe144000000 ---p 00000000 00:00 0
7fe144000000-7fe144021000 rw-p 00000000 00:00 0
7fe144021000-7fe148000000 ---p 00000000 00:00 0
7fe148000000-7fe148021000 rw-p 00000000 00:00 0
7fe148021000-7fe14c000000 ---p 00000000 00:00 0
7fe14c000000-7fe14c021000 rw-p 00000000 00:00 0
7fe14c021000-7fe150000000 ---p 00000000 00:00 0
7fe150000000-7fe150021000 rw-p 00000000 00:00 0
7fe150021000-7fe154000000 ---p 00000000 00:00 0
7fe154000000-7fe154021000 rw-p 00000000 00:00 0
7fe154021000-7fe158000000 ---p 00000000 00:00 0
7fe159360000-7fe159361000 r-xp 00000000 00:00 587321             /mnt/e/Workspace/JNI/Assignments/2/lib/libnative.so
7fe159361000-7fe159362000 ---p 00001000 00:00 587321             /mnt/e/Workspace/JNI/Assignments/2/lib/libnative.so
7fe159362000-7fe159560000 ---p 00000002 00:00 587321             /mnt/e/Workspace/JNI/Assignments/2/lib/libnative.so
7fe159560000-7fe159561000 r--p 00000000 00:00 587321             /mnt/e/Workspace/JNI/Assignments/2/lib/libnative.so
7fe159561000-7fe159562000 rw-p 00001000 00:00 587321             /mnt/e/Workspace/JNI/Assignments/2/lib/libnative.so
7fe159570000-7fe1595a1000 rw-p 00000000 00:00 0
7fe1595b0000-7fe1595c6000 r-xp 00000000 00:00 514269             /usr/lib/jvm/java-11-openjdk-amd64/lib/libnet.so
7fe1595c6000-7fe1595c8000 ---p 00016000 00:00 514269             /usr/lib/jvm/java-11-openjdk-amd64/lib/libnet.so
7fe1595c8000-7fe1597c6000 ---p 00000018 00:00 514269             /usr/lib/jvm/java-11-openjdk-amd64/lib/libnet.so
7fe1597c6000-7fe1597c7000 r--p 00016000 00:00 514269             /usr/lib/jvm/java-11-openjdk-amd64/lib/libnet.so
7fe1597c7000-7fe1597c8000 rw-p 00017000 00:00 514269             /usr/lib/jvm/java-11-openjdk-amd64/lib/libnet.so
7fe1597d0000-7fe1597e1000 r-xp 00000000 00:00 514327             /usr/lib/jvm/java-11-openjdk-amd64/lib/libnio.so
7fe1597e1000-7fe1597e2000 ---p 00011000 00:00 514327             /usr/lib/jvm/java-11-openjdk-amd64/lib/libnio.so
7fe1597e2000-7fe1599e0000 ---p 00000012 00:00 514327             /usr/lib/jvm/java-11-openjdk-amd64/lib/libnio.so
7fe1599e0000-7fe1599e1000 r--p 00010000 00:00 514327             /usr/lib/jvm/java-11-openjdk-amd64/lib/libnio.so
7fe1599e1000-7fe1599e2000 rw-p 00011000 00:00 514327             /usr/lib/jvm/java-11-openjdk-amd64/lib/libnio.so
7fe1599f0000-7fe1599f4000 ---p 00000000 00:00 0
7fe1599f4000-7fe159af1000 rw-p 00000000 00:00 0
7fe159b00000-7fe159b01000 ---p 00000000 00:00 0
7fe159b01000-7fe159c02000 rw-p 00000000 00:00 0
7fe159c10000-7fe159c14000 ---p 00000000 00:00 0
7fe159c14000-7fe159d11000 rw-p 00000000 00:00 0
7fe159d20000-7fe159d24000 ---p 00000000 00:00 0
7fe159d24000-7fe159e21000 rw-p 00000000 00:00 0
7fe159e30000-7fe159e34000 ---p 00000000 00:00 0
7fe159e34000-7fe159f31000 rw-p 00000000 00:00 0
7fe159f40000-7fe159f44000 ---p 00000000 00:00 0
7fe159f44000-7fe15a041000 rw-p 00000000 00:00 0
7fe15a050000-7fe15a054000 ---p 00000000 00:00 0
7fe15a054000-7fe15a151000 rw-p 00000000 00:00 0
7fe15a160000-7fe15a164000 ---p 00000000 00:00 0
7fe15a164000-7fe15a261000 rw-p 00000000 00:00 0
7fe15a270000-7fe15a274000 ---p 00000000 00:00 0
7fe15a274000-7fe15a371000 rw-p 00000000 00:00 0
7fe15a372000-7fe15a4e5000 r--p 00000000 00:00 418231             /usr/lib/locale/C.UTF-8/LC_COLLATE
7fe15a4e5000-7fe15a680000 r--p 00000000 00:00 418238             /usr/lib/locale/locale-archive
7fe15a680000-7fe15a684000 ---p 00000000 00:00 0
7fe15a684000-7fe15a781000 rw-p 00000000 00:00 0
7fe15a790000-7fe15a794000 ---p 00000000 00:00 0
7fe15a794000-7fe15a891000 rw-p 00000000 00:00 0
7fe15a8a0000-7fe15a8a1000 ---p 00000000 00:00 0
7fe15a8a1000-7fe15a9a2000 rw-p 00000000 00:00 0
7fe15a9b0000-7fe15aa26000 rw-p 00000000 00:00 0
7fe15aa30000-7fe15ae70000 rw-p 00000000 00:00 0
7fe15ae70000-7fe15b231000 ---p 00000000 00:00 0
7fe15b231000-7fe15b332000 rw-p 00000000 00:00 0
7fe15b340000-7fe15b341000 ---p 00000000 00:00 0
7fe15b341000-7fe15b442000 rw-p 00000000 00:00 0
7fe15b450000-7fe15b451000 ---p 00000000 00:00 0
7fe15b451000-7fe15b552000 rw-p 00000000 00:00 0
7fe15b560000-7fe15b561000 ---p 00000000 00:00 0
7fe15b561000-7fe15b662000 rw-p 00000000 00:00 0
7fe15b670000-7fe15b671000 ---p 00000000 00:00 0
7fe15b671000-7fe15b772000 rw-p 00000000 00:00 0
7fe15b780000-7fe15b781000 ---p 00000000 00:00 0
7fe15b781000-7fe15b882000 rw-p 00000000 00:00 0
7fe15b890000-7fe15b891000 ---p 00000000 00:00 0
7fe15b891000-7fe15b992000 rw-p 00000000 00:00 0
7fe15b9a0000-7fe15b9a1000 ---p 00000000 00:00 0
7fe15b9a1000-7fe15baa2000 rw-p 00000000 00:00 0
7fe15bab0000-7fe15bab1000 ---p 00000000 00:00 0
7fe15bab1000-7fe15bbb2000 rw-p 00000000 00:00 0
7fe15bbc0000-7fe15bcc1000 rw-p 00000000 00:00 0
7fe15bcd0000-7fe15bdd1000 rw-p 00000000 00:00 0
7fe15bde0000-7fe15bee1000 rw-p 00000000 00:00 0
7fe15bef0000-7fe15bff1000 rw-p 00000000 00:00 0
7fe15c000000-7fe15c021000 rw-p 00000000 00:00 0
7fe15c021000-7fe160000000 ---p 00000000 00:00 0
7fe160000000-7fe160021000 rw-p 00000000 00:00 0
7fe160021000-7fe164000000 ---p 00000000 00:00 0
7fe164000000-7fe164021000 rw-p 00000000 00:00 0
7fe164021000-7fe168000000 ---p 00000000 00:00 0
7fe168000000-7fe168021000 rw-p 00000000 00:00 0
7fe168021000-7fe16c000000 ---p 00000000 00:00 0
7fe16c01f000-7fe16c050000 r--p 00000000 00:00 418233             /usr/lib/locale/C.UTF-8/LC_CTYPE
7fe16c050000-7fe16c0ab000 rw-p 00000000 00:00 0
7fe16c0b0000-7fe16e2a8000 rw-p 00000000 00:00 0
7fe16e2a8000-7fe16fff8000 ---p 00000000 00:00 0
7fe170000000-7fe170021000 rw-p 00000000 00:00 0
7fe170021000-7fe174000000 ---p 00000000 00:00 0
7fe174000000-7fe174021000 rw-p 00000000 00:00 0
7fe174021000-7fe178000000 ---p 00000000 00:00 0
7fe178000000-7fe178021000 rw-p 00000000 00:00 0
7fe178021000-7fe17c000000 ---p 00000000 00:00 0
7fe17c000000-7fe17c021000 rw-p 00000000 00:00 0
7fe17c021000-7fe180000000 ---p 00000000 00:00 0
7fe180000000-7fe180021000 rw-p 00000000 00:00 0
7fe180021000-7fe184000000 ---p 00000000 00:00 0
7fe184000000-7fe184021000 rw-p 00000000 00:00 0
7fe184021000-7fe188000000 ---p 00000000 00:00 0
7fe188000000-7fe188021000 rw-p 00000000 00:00 0
7fe188021000-7fe18c000000 ---p 00000000 00:00 0
7fe18c010000-7fe18c111000 rw-p 00000000 00:00 0
7fe18c120000-7fe18c221000 rw-p 00000000 00:00 0
7fe18c230000-7fe18c331000 rw-p 00000000 00:00 0
7fe18c340000-7fe18c441000 rw-p 00000000 00:00 0
7fe18c450000-7fe18c451000 ---p 00000000 00:00 0
7fe18c451000-7fe18c552000 rw-p 00000000 00:00 0
7fe18c560000-7fe18c561000 ---p 00000000 00:00 0
7fe18c561000-7fe18c662000 rw-p 00000000 00:00 0
7fe18c670000-7fe18c671000 ---p 00000000 00:00 0
7fe18c671000-7fe18c772000 rw-p 00000000 00:00 0
7fe18c780000-7fe18c978000 rw-p 00000000 00:00 0
7fe18c978000-7fe18e6c8000 ---p 00000000 00:00 0
7fe18e6d0000-7fe18e70f000 rw-p 00000000 00:00 0
7fe18e70f000-7fe18eab9000 ---p 00000000 00:00 0
7fe18eac0000-7fe18eaff000 rw-p 00000000 00:00 0
7fe18eaff000-7fe18eea9000 ---p 00000000 00:00 0
7fe18eeb0000-7fe18eeef000 rw-p 00000000 00:00 0
7fe18eeef000-7fe18f299000 ---p 00000000 00:00 0
7fe18f2a0000-7fe18f3a1000 rw-p 00000000 00:00 0
7fe18f3b0000-7fe18f4b1000 rw-p 00000000 00:00 0
7fe18f4c0000-7fe18f5c1000 rw-p 00000000 00:00 0
7fe18f5d0000-7fe18f6d1000 rw-p 00000000 00:00 0
7fe18f6e0000-7fe18f7e1000 rw-p 00000000 00:00 0
7fe18f7f0000-7fe18f8f1000 rw-p 00000000 00:00 0
7fe18f900000-7fe18fa01000 rw-p 00000000 00:00 0
7fe18fa10000-7fe18fb11000 rw-p 00000000 00:00 0
7fe18fb20000-7fe18fd90000 rwxp 00000000 00:00 0
7fe18fd90000-7fe1900b1000 ---p 00000000 00:00 0
7fe1900b1000-7fe190321000 rwxp 00000000 00:00 0
7fe190321000-7fe1975e8000 ---p 00000000 00:00 0
7fe1975e8000-7fe197858000 rwxp 00000000 00:00 0
7fe197858000-7fe19eb20000 ---p 00000000 00:00 0
7fe19eb27000-7fe1a8000000 r--s 00000000 00:00 514337             /usr/lib/jvm/java-11-openjdk-amd64/lib/modules
7fe1a8000000-7fe1a8271000 rw-p 00000000 00:00 0
7fe1a8271000-7fe1ac000000 ---p 00000000 00:00 0
7fe1ac000000-7fe1ac028000 rw-p 00000000 00:00 0
7fe1ac030000-7fe1ac031000 ---p 00000000 00:00 0
7fe1ac031000-7fe1ac132000 rw-p 00000000 00:00 0
7fe1ac140000-7fe1ac141000 ---p 00000000 00:00 0
7fe1ac141000-7fe1ac242000 rw-p 00000000 00:00 0
7fe1ac250000-7fe1ac251000 ---p 00000000 00:00 0
7fe1ac251000-7fe1ac352000 rw-p 00000000 00:00 0
7fe1ac360000-7fe1ac361000 ---p 00000000 00:00 0
7fe1ac361000-7fe1ac462000 rw-p 00000000 00:00 0
7fe1ac470000-7fe1ac471000 ---p 00000000 00:00 0
7fe1ac471000-7fe1ac572000 rw-p 00000000 00:00 0
7fe1ac580000-7fe1ac581000 ---p 00000000 00:00 0
7fe1ac581000-7fe1ac682000 rw-p 00000000 00:00 0
7fe1ac690000-7fe1ac691000 ---p 00000000 00:00 0
7fe1ac691000-7fe1ac792000 rw-p 00000000 00:00 0
7fe1ac7a0000-7fe1ac7a1000 ---p 00000000 00:00 0
7fe1ac7a1000-7fe1ac8a2000 rw-p 00000000 00:00 0
7fe1ac8b0000-7fe1ac8b5000 rw-p 00000000 00:00 0
7fe1ac8b5000-7fe1ac99b000 ---p 00000000 00:00 0
7fe1ac9a0000-7fe1ac9a5000 rw-p 00000000 00:00 0
7fe1ac9a5000-7fe1aca8b000 ---p 00000000 00:00 0
7fe1aca90000-7fe1aca95000 r-xp 00000000 00:00 514204             /usr/lib/jvm/java-11-openjdk-amd64/lib/libjimage.so
7fe1aca95000-7fe1aca96000 ---p 00005000 00:00 514204             /usr/lib/jvm/java-11-openjdk-amd64/lib/libjimage.so
7fe1aca96000-7fe1acc94000 ---p 00000006 00:00 514204             /usr/lib/jvm/java-11-openjdk-amd64/lib/libjimage.so
7fe1acc94000-7fe1acc95000 r--p 00004000 00:00 514204             /usr/lib/jvm/java-11-openjdk-amd64/lib/libjimage.so
7fe1acc95000-7fe1acc96000 rw-p 00005000 00:00 514204             /usr/lib/jvm/java-11-openjdk-amd64/lib/libjimage.so
7fe1acca0000-7fe1acca7000 r-xp 00000000 00:00 514336             /usr/lib/jvm/java-11-openjdk-amd64/lib/libzip.so
7fe1acca7000-7fe1acca8000 ---p 00007000 00:00 514336             /usr/lib/jvm/java-11-openjdk-amd64/lib/libzip.so
7fe1acca8000-7fe1acea6000 ---p 00000008 00:00 514336             /usr/lib/jvm/java-11-openjdk-amd64/lib/libzip.so
7fe1acea6000-7fe1acea7000 r--p 00006000 00:00 514336             /usr/lib/jvm/java-11-openjdk-amd64/lib/libzip.so
7fe1acea7000-7fe1acea8000 rw-p 00007000 00:00 514336             /usr/lib/jvm/java-11-openjdk-amd64/lib/libzip.so
7fe1aceb0000-7fe1acebb000 r-xp 00000000 00:00 384680             /lib/x86_64-linux-gnu/libnss_files-2.27.so
7fe1acebb000-7fe1acebc000 ---p 0000b000 00:00 384680             /lib/x86_64-linux-gnu/libnss_files-2.27.so
7fe1acebc000-7fe1ad0ba000 ---p 0000000c 00:00 384680             /lib/x86_64-linux-gnu/libnss_files-2.27.so
7fe1ad0ba000-7fe1ad0bb000 r--p 0000a000 00:00 384680             /lib/x86_64-linux-gnu/libnss_files-2.27.so
7fe1ad0bb000-7fe1ad0bc000 rw-p 0000b000 00:00 384680             /lib/x86_64-linux-gnu/libnss_files-2.27.so
7fe1ad0bc000-7fe1ad0c2000 rw-p 00000000 00:00 0
7fe1ad0d0000-7fe1ad0e7000 r-xp 00000000 00:00 384689             /lib/x86_64-linux-gnu/libnsl-2.27.so
7fe1ad0e7000-7fe1ad0e8000 ---p 00017000 00:00 384689             /lib/x86_64-linux-gnu/libnsl-2.27.so
7fe1ad0e8000-7fe1ad2e6000 ---p 00000018 00:00 384689             /lib/x86_64-linux-gnu/libnsl-2.27.so
7fe1ad2e6000-7fe1ad2e7000 r--p 00016000 00:00 384689             /lib/x86_64-linux-gnu/libnsl-2.27.so
7fe1ad2e7000-7fe1ad2e8000 rw-p 00017000 00:00 384689             /lib/x86_64-linux-gnu/libnsl-2.27.so
7fe1ad2e8000-7fe1ad2ea000 rw-p 00000000 00:00 0
7fe1ad2f0000-7fe1ad2fb000 r-xp 00000000 00:00 384516             /lib/x86_64-linux-gnu/libnss_nis-2.27.so
7fe1ad2fb000-7fe1ad2fc000 ---p 0000b000 00:00 384516             /lib/x86_64-linux-gnu/libnss_nis-2.27.so
7fe1ad2fc000-7fe1ad4fa000 ---p 0000000c 00:00 384516             /lib/x86_64-linux-gnu/libnss_nis-2.27.so
7fe1ad4fa000-7fe1ad4fb000 r--p 0000a000 00:00 384516             /lib/x86_64-linux-gnu/libnss_nis-2.27.so
7fe1ad4fb000-7fe1ad4fc000 rw-p 0000b000 00:00 384516             /lib/x86_64-linux-gnu/libnss_nis-2.27.so
7fe1ad500000-7fe1ad508000 r-xp 00000000 00:00 384532             /lib/x86_64-linux-gnu/libnss_compat-2.27.so
7fe1ad508000-7fe1ad50a000 ---p 00008000 00:00 384532             /lib/x86_64-linux-gnu/libnss_compat-2.27.so
7fe1ad50a000-7fe1ad708000 ---p 0000000a 00:00 384532             /lib/x86_64-linux-gnu/libnss_compat-2.27.so
7fe1ad708000-7fe1ad709000 r--p 00008000 00:00 384532             /lib/x86_64-linux-gnu/libnss_compat-2.27.so
7fe1ad709000-7fe1ad70a000 rw-p 00009000 00:00 384532             /lib/x86_64-linux-gnu/libnss_compat-2.27.so
7fe1ad710000-7fe1ad73c000 r-xp 00000000 00:00 514164             /usr/lib/jvm/java-11-openjdk-amd64/lib/libjava.so
7fe1ad73c000-7fe1ad73e000 ---p 0002c000 00:00 514164             /usr/lib/jvm/java-11-openjdk-amd64/lib/libjava.so
7fe1ad73e000-7fe1ad93b000 ---p 0000002e 00:00 514164             /usr/lib/jvm/java-11-openjdk-amd64/lib/libjava.so
7fe1ad93b000-7fe1ad93c000 r--p 0002b000 00:00 514164             /usr/lib/jvm/java-11-openjdk-amd64/lib/libjava.so
7fe1ad93c000-7fe1ad93e000 rw-p 0002c000 00:00 514164             /usr/lib/jvm/java-11-openjdk-amd64/lib/libjava.so
7fe1ad940000-7fe1ad94d000 r-xp 00000000 00:00 514335             /usr/lib/jvm/java-11-openjdk-amd64/lib/libverify.so
7fe1ad94d000-7fe1ad94f000 ---p 0000d000 00:00 514335             /usr/lib/jvm/java-11-openjdk-amd64/lib/libverify.so
7fe1ad94f000-7fe1adb4c000 ---p 0000000f 00:00 514335             /usr/lib/jvm/java-11-openjdk-amd64/lib/libverify.so
7fe1adb4c000-7fe1adb4e000 r--p 0000c000 00:00 514335             /usr/lib/jvm/java-11-openjdk-amd64/lib/libverify.so
7fe1adb4e000-7fe1adb4f000 rw-p 0000e000 00:00 514335             /usr/lib/jvm/java-11-openjdk-amd64/lib/libverify.so
7fe1adb50000-7fe1adb57000 r-xp 00000000 00:00 384472             /lib/x86_64-linux-gnu/librt-2.27.so
7fe1adb57000-7fe1adb58000 ---p 00007000 00:00 384472             /lib/x86_64-linux-gnu/librt-2.27.so
7fe1adb58000-7fe1add56000 ---p 00000008 00:00 384472             /lib/x86_64-linux-gnu/librt-2.27.so
7fe1add56000-7fe1add57000 r--p 00006000 00:00 384472             /lib/x86_64-linux-gnu/librt-2.27.so
7fe1add57000-7fe1add58000 rw-p 00007000 00:00 384472             /lib/x86_64-linux-gnu/librt-2.27.so
7fe1add60000-7fe1add77000 r-xp 00000000 00:00 384681             /lib/x86_64-linux-gnu/libgcc_s.so.1
7fe1add77000-7fe1add78000 ---p 00017000 00:00 384681             /lib/x86_64-linux-gnu/libgcc_s.so.1
7fe1add78000-7fe1adf76000 ---p 00000018 00:00 384681             /lib/x86_64-linux-gnu/libgcc_s.so.1
7fe1adf76000-7fe1adf77000 r--p 00016000 00:00 384681             /lib/x86_64-linux-gnu/libgcc_s.so.1
7fe1adf77000-7fe1adf78000 rw-p 00017000 00:00 384681             /lib/x86_64-linux-gnu/libgcc_s.so.1
7fe1adf80000-7fe1ae11d000 r-xp 00000000 00:00 384511             /lib/x86_64-linux-gnu/libm-2.27.so
7fe1ae11d000-7fe1ae120000 ---p 0019d000 00:00 384511             /lib/x86_64-linux-gnu/libm-2.27.so
7fe1ae120000-7fe1ae31c000 ---p 000001a0 00:00 384511             /lib/x86_64-linux-gnu/libm-2.27.so
7fe1ae31c000-7fe1ae31d000 r--p 0019c000 00:00 384511             /lib/x86_64-linux-gnu/libm-2.27.so
7fe1ae31d000-7fe1ae31e000 rw-p 0019d000 00:00 384511             /lib/x86_64-linux-gnu/libm-2.27.so
7fe1ae320000-7fe1ae49e000 r-xp 00000000 00:00 420489             /usr/lib/x86_64-linux-gnu/libstdc++.so.6.0.25
7fe1ae49e000-7fe1ae4ab000 ---p 0017e000 00:00 420489             /usr/lib/x86_64-linux-gnu/libstdc++.so.6.0.25
7fe1ae4ab000-7fe1ae69e000 ---p 0000018b 00:00 420489             /usr/lib/x86_64-linux-gnu/libstdc++.so.6.0.25
7fe1ae69e000-7fe1ae6a8000 r--p 0017e000 00:00 420489             /usr/lib/x86_64-linux-gnu/libstdc++.so.6.0.25
7fe1ae6a8000-7fe1ae6aa000 rw-p 00188000 00:00 420489             /usr/lib/x86_64-linux-gnu/libstdc++.so.6.0.25
7fe1ae6aa000-7fe1ae6ae000 rw-p 00000000 00:00 0
7fe1ae6b0000-7fe1af64d000 r-xp 00000000 00:00 514345             /usr/lib/jvm/java-11-openjdk-amd64/lib/server/libjvm.so
7fe1af64d000-7fe1af74a000 ---p 00f9d000 00:00 514345             /usr/lib/jvm/java-11-openjdk-amd64/lib/server/libjvm.so
7fe1af74a000-7fe1af84d000 ---p 0000109a 00:00 514345             /usr/lib/jvm/java-11-openjdk-amd64/lib/server/libjvm.so
7fe1af84d000-7fe1af911000 r--p 00f9d000 00:00 514345             /usr/lib/jvm/java-11-openjdk-amd64/lib/server/libjvm.so
7fe1af911000-7fe1af949000 rw-p 01061000 00:00 514345             /usr/lib/jvm/java-11-openjdk-amd64/lib/server/libjvm.so
7fe1af949000-7fe1af992000 rw-p 00000000 00:00 0
7fe1af9a0000-7fe1af9ba000 r-xp 00000000 00:00 384487             /lib/x86_64-linux-gnu/libpthread-2.27.so
7fe1af9ba000-7fe1af9c4000 ---p 0001a000 00:00 384487             /lib/x86_64-linux-gnu/libpthread-2.27.so
7fe1af9c4000-7fe1afbb9000 ---p 00000024 00:00 384487             /lib/x86_64-linux-gnu/libpthread-2.27.so
7fe1afbb9000-7fe1afbba000 r--p 00019000 00:00 384487             /lib/x86_64-linux-gnu/libpthread-2.27.so
7fe1afbba000-7fe1afbbb000 rw-p 0001a000 00:00 384487             /lib/x86_64-linux-gnu/libpthread-2.27.so
7fe1afbbb000-7fe1afbbf000 rw-p 00000000 00:00 0
7fe1afbc0000-7fe1afbc3000 r-xp 00000000 00:00 384469             /lib/x86_64-linux-gnu/libdl-2.27.so
7fe1afbc3000-7fe1afbc4000 ---p 00003000 00:00 384469             /lib/x86_64-linux-gnu/libdl-2.27.so
7fe1afbc4000-7fe1afdc2000 ---p 00000004 00:00 384469             /lib/x86_64-linux-gnu/libdl-2.27.so
7fe1afdc2000-7fe1afdc3000 r--p 00002000 00:00 384469             /lib/x86_64-linux-gnu/libdl-2.27.so
7fe1afdc3000-7fe1afdc4000 rw-p 00003000 00:00 384469             /lib/x86_64-linux-gnu/libdl-2.27.so
7fe1afdd0000-7fe1afdec000 r-xp 00000000 00:00 384609             /lib/x86_64-linux-gnu/libz.so.1.2.11
7fe1afdec000-7fe1afded000 ---p 0001c000 00:00 384609             /lib/x86_64-linux-gnu/libz.so.1.2.11
7fe1afded000-7fe1affeb000 ---p 0000001d 00:00 384609             /lib/x86_64-linux-gnu/libz.so.1.2.11
7fe1affeb000-7fe1affec000 r--p 0001b000 00:00 384609             /lib/x86_64-linux-gnu/libz.so.1.2.11
7fe1affec000-7fe1affed000 rw-p 0001c000 00:00 384609             /lib/x86_64-linux-gnu/libz.so.1.2.11
7fe1afff0000-7fe1b01d7000 r-xp 00000000 00:00 384675             /lib/x86_64-linux-gnu/libc-2.27.so
7fe1b01d7000-7fe1b01e0000 ---p 001e7000 00:00 384675             /lib/x86_64-linux-gnu/libc-2.27.so
7fe1b01e0000-7fe1b03d7000 ---p 000001f0 00:00 384675             /lib/x86_64-linux-gnu/libc-2.27.so
7fe1b03d7000-7fe1b03db000 r--p 001e7000 00:00 384675             /lib/x86_64-linux-gnu/libc-2.27.so
7fe1b03db000-7fe1b03dd000 rw-p 001eb000 00:00 384675             /lib/x86_64-linux-gnu/libc-2.27.so
7fe1b03dd000-7fe1b03e1000 rw-p 00000000 00:00 0
7fe1b03f0000-7fe1b03ff000 r-xp 00000000 00:00 514052             /usr/lib/jvm/java-11-openjdk-amd64/lib/jli/libjli.so
7fe1b03ff000-7fe1b0400000 ---p 0000f000 00:00 514052             /usr/lib/jvm/java-11-openjdk-amd64/lib/jli/libjli.so
7fe1b0400000-7fe1b05fe000 ---p 00000010 00:00 514052             /usr/lib/jvm/java-11-openjdk-amd64/lib/jli/libjli.so
7fe1b05fe000-7fe1b05ff000 r--p 0000e000 00:00 514052             /usr/lib/jvm/java-11-openjdk-amd64/lib/jli/libjli.so
7fe1b05ff000-7fe1b0600000 rw-p 0000f000 00:00 514052             /usr/lib/jvm/java-11-openjdk-amd64/lib/jli/libjli.so
7fe1b0600000-7fe1b0626000 r-xp 00000000 00:00 384553             /lib/x86_64-linux-gnu/ld-2.27.so
7fe1b0626000-7fe1b0627000 r-xp 00026000 00:00 384553             /lib/x86_64-linux-gnu/ld-2.27.so
7fe1b0630000-7fe1b06ae000 rw-p 00000000 00:00 0
7fe1b06b0000-7fe1b06b1000 rw-p 00000000 00:00 0
7fe1b06c0000-7fe1b0703000 rw-p 00000000 00:00 0
7fe1b0710000-7fe1b0715000 rw-p 00000000 00:00 0
7fe1b0715000-7fe1b071c000 ---p 00000000 00:00 0
7fe1b0720000-7fe1b0724000 ---p 00000000 00:00 0
7fe1b0724000-7fe1b0821000 rw-p 00000000 00:00 0
7fe1b0827000-7fe1b0828000 r--p 00027000 00:00 384553             /lib/x86_64-linux-gnu/ld-2.27.so
7fe1b0828000-7fe1b0829000 rw-p 00028000 00:00 384553             /lib/x86_64-linux-gnu/ld-2.27.so
7fe1b0829000-7fe1b082a000 rw-p 00000000 00:00 0
7fe1b0830000-7fe1b0831000 ---p 00000000 00:00 0
7fe1b0831000-7fe1b0832000 r--p 00000000 00:00 0
7fe1b0837000-7fe1b0838000 r--p 00000000 00:00 418227             /usr/lib/locale/C.UTF-8/LC_NUMERIC
7fe1b0838000-7fe1b0839000 r--p 00000000 00:00 418237             /usr/lib/locale/C.UTF-8/LC_TIME
7fe1b0839000-7fe1b0840000 r--s 00000000 00:00 420234             /usr/lib/x86_64-linux-gnu/gconv/gconv-modules.cache
7fe1b0840000-7fe1b0842000 rw-p 00000000 00:00 0
7fe1b0842000-7fe1b0843000 r--p 00000000 00:00 418232             /usr/lib/locale/C.UTF-8/LC_MONETARY
7fe1b0843000-7fe1b0844000 r--p 00000000 00:00 418236             /usr/lib/locale/C.UTF-8/LC_MESSAGES/SYS_LC_MESSAGES
7fe1b0844000-7fe1b0845000 r--p 00000000 00:00 418228             /usr/lib/locale/C.UTF-8/LC_PAPER
7fe1b0845000-7fe1b0846000 r--p 00000000 00:00 418226             /usr/lib/locale/C.UTF-8/LC_NAME
7fe1b0846000-7fe1b0847000 r--p 00000000 00:00 418230             /usr/lib/locale/C.UTF-8/LC_ADDRESS
7fe1b0847000-7fe1b0848000 r--p 00000000 00:00 418234             /usr/lib/locale/C.UTF-8/LC_TELEPHONE
7fe1b0848000-7fe1b0850000 rw-s 00000000 00:00 8572               /tmp/hsperfdata_reezpatel/749
7fe1b0850000-7fe1b0852000 rw-p 00000000 00:00 0
7fe1b0852000-7fe1b0853000 r--p 00000000 00:00 418225             /usr/lib/locale/C.UTF-8/LC_MEASUREMENT
7fe1b0853000-7fe1b0854000 r--p 00000000 00:00 418229             /usr/lib/locale/C.UTF-8/LC_IDENTIFICATION
7fe1b0a00000-7fe1b0a01000 r-xp 00000000 00:00 443701             /usr/lib/jvm/java-11-openjdk-amd64/bin/java
7fe1b0c01000-7fe1b0c02000 r--p 00001000 00:00 443701             /usr/lib/jvm/java-11-openjdk-amd64/bin/java
7fe1b0c02000-7fe1b0c03000 rw-p 00002000 00:00 443701             /usr/lib/jvm/java-11-openjdk-amd64/bin/java
7fffced3d000-7fffced5e000 rw-p 00000000 00:00 0                  [heap]
7fffd6f82000-7fffd7782000 rw-p 00000000 00:00 0                  [stack]
7fffd79be000-7fffd79bf000 r-xp 00000000 00:00 0                  [vdso]


VM Arguments:
jvm_args: -Djava.library.path=./../lib/ 
java_command: Main
java_class_path (initial): .
Launcher Type: SUN_STANDARD

Logging:
Log output configuration:
#0: stdout all=warning uptime,level,tags
#1: stderr all=off uptime,level,tags

Environment Variables:
PATH=/usr/local/sbin:/usr/local/bin:/usr/sbin:/usr/bin:/sbin:/bin:/usr/games:/usr/local/games
SHELL=/bin/bash
HOSTTYPE=x86_64

Signal Handlers:
SIGSEGV: [libjvm.so+0xd28a90], sa_mask[0]=11111111111111111111111111111110, sa_flags=SA_RESTART|SA_SIGINFO
SIGBUS: [libjvm.so+0xd28a90], sa_mask[0]=11111111111111111111111111111110, sa_flags=SA_RESTART|SA_SIGINFO
SIGFPE: [libjvm.so+0xd28a90], sa_mask[0]=11111111111111111111111111111110, sa_flags=SA_RESTART|SA_SIGINFO
SIGPIPE: [libjvm.so+0xb2a110], sa_mask[0]=11111111111111111111111111111110, sa_flags=SA_RESTART|SA_SIGINFO
SIGXFSZ: [libjvm.so+0xb2a110], sa_mask[0]=11111111111111111111111111111110, sa_flags=SA_RESTART|SA_SIGINFO
SIGILL: [libjvm.so+0xd28a90], sa_mask[0]=11111111111111111111111111111110, sa_flags=SA_RESTART|SA_SIGINFO
SIGUSR2: [libjvm.so+0xb29f50], sa_mask[0]=00000000000000000000000000000000, sa_flags=SA_RESTART|SA_SIGINFO
SIGHUP: [libjvm.so+0xb2a0a0], sa_mask[0]=11111111111111111111111111111110, sa_flags=SA_RESTART|SA_SIGINFO
SIGINT: [libjvm.so+0xb2a0a0], sa_mask[0]=11111111111111111111111111111110, sa_flags=SA_RESTART|SA_SIGINFO
SIGTERM: [libjvm.so+0xb2a0a0], sa_mask[0]=11111111111111111111111111111110, sa_flags=SA_RESTART|SA_SIGINFO
SIGQUIT: [libjvm.so+0xb2a0a0], sa_mask[0]=11111111111111111111111111111110, sa_flags=SA_RESTART|SA_SIGINFO


---------------  S Y S T E M  ---------------

OS:DISTRIB_ID=Ubuntu
DISTRIB_RELEASE=18.04
DISTRIB_CODENAME=bionic
DISTRIB_DESCRIPTION="Ubuntu 18.04 LTS"
uname:Linux 4.4.0-17134-Microsoft #137-Microsoft Thu Jun 14 18:46:00 PST 2018 x86_64
libc:glibc 2.27 NPTL 2.27 
rlimit: STACK 8192k, CORE 0k, NPROC 7823, NOFILE 65536, AS infinity, DATA infinity, FSIZE infinity
load average:0.52 0.58 0.59

/proc/meminfo:
MemTotal:        8192048 kB
MemFree:         2865204 kB
Buffers:           34032 kB
Cached:           188576 kB
SwapCached:            0 kB
Active:           167556 kB
Inactive:         157876 kB
Active(anon):     103104 kB
Inactive(anon):    17440 kB
Active(file):      64452 kB
Inactive(file):   140436 kB
Unevictable:           0 kB
Mlocked:               0 kB
SwapTotal:      19847420 kB
SwapFree:       19494356 kB
Dirty:                 0 kB
Writeback:             0 kB
AnonPages:        102824 kB
Mapped:            71404 kB
Shmem:             17720 kB
Slab:              13868 kB
SReclaimable:       6744 kB
SUnreclaim:         7124 kB
KernelStack:        2848 kB
PageTables:         2524 kB
NFS_Unstable:          0 kB
Bounce:                0 kB
WritebackTmp:          0 kB
CommitLimit:      515524 kB
Committed_AS:    3450064 kB
VmallocTotal:     122880 kB
VmallocUsed:       21296 kB
VmallocChunk:      66044 kB
HardwareCorrupted:     0 kB
AnonHugePages:      2048 kB
HugePages_Total:       0
HugePages_Free:        0
HugePages_Rsvd:        0
HugePages_Surp:        0
Hugepagesize:       2048 kB
DirectMap4k:       12280 kB
DirectMap4M:      897024 kB


CPU:total 8 (initial active 8) (4 cores per cpu, 2 threads per core) family 6 model 142 stepping 10, cmov, cx8, fxsr, mmx, sse, sse2, sse3, ssse3, sse4.1, sse4.2, popcnt, avx, avx2, aes, clmul, erms, 3dnowpref, lzcnt, ht, tsc, tscinvbit, bmi1, bmi2, adx, fma
CPU Model and flags from /proc/cpuinfo:
model name	: Intel(R) Core(TM) i5-8250U CPU @ 1.60GHz
flags		: fpu vme de pse tsc msr pae mce cx8 apic sep mtrr pge mca cmov pat pse36 clflush dts acpi mmx fxsr sse sse2 ss ht tm pbe syscall nx pdpe1gb rdtscp lm pni pclmulqdq dtes64 monitor ds_cpl vmx est tm2 ssse3 fma cx16 xtpr pdcm pcid sse4_1 sse4_2 x2apic movbe popcnt tsc_deadline_timer aes xsave osxsave avx f16c rdrand

Memory: 4k page, physical 8192048k(2865180k free), swap 19847420k(19494356k free)

vm_info: OpenJDK 64-Bit Server VM (10.0.1+10-Ubuntu-3ubuntu1) for linux-amd64 JRE (10.0.1+10-Ubuntu-3ubuntu1), built on Apr 21 2018 13:41:27 by "buildd" with gcc 7.3.0

END.
